FilmOn/proguard/mapping.txt
vn.techplus.fulliptv.MainActivity$3 -> vn.techplus.fulliptv.o:
    vn.techplus.fulliptv.MainActivity this$0 -> a
    void onSelect(int) -> a
vn.techplus.fulliptv.MainActivity$4 -> vn.techplus.fulliptv.p:
    vn.techplus.fulliptv.MainActivity this$0 -> a
    void onClose() -> a
vn.techplus.fulliptv.MainActivity$5 -> vn.techplus.fulliptv.q:
    vn.techplus.fulliptv.MainActivity this$0 -> a
    void onOpen() -> a
vn.techplus.fulliptv.R$styleable -> vn.techplus.fulliptv.r:
    int[] CirclePageIndicator -> CirclePageIndicator
    int CirclePageIndicator_android_background -> CirclePageIndicator_android_background
    int CirclePageIndicator_android_orientation -> CirclePageIndicator_android_orientation
    int CirclePageIndicator_centered -> CirclePageIndicator_centered
    int CirclePageIndicator_fillColor -> CirclePageIndicator_fillColor
    int CirclePageIndicator_pageColor -> CirclePageIndicator_pageColor
    int CirclePageIndicator_radius -> CirclePageIndicator_radius
    int CirclePageIndicator_snap -> CirclePageIndicator_snap
    int CirclePageIndicator_strokeColor -> CirclePageIndicator_strokeColor
    int CirclePageIndicator_strokeWidth -> CirclePageIndicator_strokeWidth
    int[] CustomeTextView -> CustomeTextView
    int CustomeTextView_customTypeFace -> CustomeTextView_customTypeFace
    int[] LinePageIndicator -> LinePageIndicator
    int LinePageIndicator_android_background -> LinePageIndicator_android_background
    int LinePageIndicator_centered -> LinePageIndicator_centered
    int LinePageIndicator_gapWidth -> LinePageIndicator_gapWidth
    int LinePageIndicator_lineWidth -> LinePageIndicator_lineWidth
    int LinePageIndicator_selectedColor -> LinePageIndicator_selectedColor
    int LinePageIndicator_strokeWidth -> LinePageIndicator_strokeWidth
    int LinePageIndicator_unselectedColor -> LinePageIndicator_unselectedColor
    int[] SlidingMenu -> SlidingMenu
vn.techplus.fulliptv.SearchAcitvity -> vn.techplus.fulliptv.SearchAcitvity:
    android.widget.GridView mListChannel -> a
    android.widget.ImageView mBtnSearch -> b
    android.widget.EditText mTxtBoxSearch -> c
    vn.techplus.fulliptv.CustomGridAdapter mChannelAdapter -> d
    java.util.ArrayList mResultSearchs -> e
    void onCreate(android.os.Bundle) -> onCreate
    boolean onEditorAction(android.widget.TextView,int,android.view.KeyEvent) -> onEditorAction
    void onItemClick(android.widget.AdapterView,android.view.View,int,long) -> onItemClick
    void onClick(android.view.View) -> onClick
    void search() -> a
vn.techplus.fulliptv.SplashActivity -> vn.techplus.fulliptv.SplashActivity:
    android.content.Intent iNextActivity -> a
    boolean mAllowFinish -> b
    boolean mIsProgressing -> c
    void onCreate(android.os.Bundle) -> onCreate
    boolean onKeyDown(int,android.view.KeyEvent) -> onKeyDown
    void loadData() -> a
    void onFinished(boolean) -> a
    void onStart() -> onStart
    void onStop() -> onStop
    boolean access$0(vn.techplus.fulliptv.SplashActivity) -> a
    android.content.Intent access$1(vn.techplus.fulliptv.SplashActivity) -> b
    void access$2(vn.techplus.fulliptv.SplashActivity,boolean) -> a
vn.techplus.fulliptv.SplashActivity$1 -> vn.techplus.fulliptv.s:
    android.widget.ImageView val$imageLogo -> a
    android.view.animation.Animation val$anim_in -> b
    void onAnimationStart(android.view.animation.Animation) -> onAnimationStart
    void onAnimationRepeat(android.view.animation.Animation) -> onAnimationRepeat
    void onAnimationEnd(android.view.animation.Animation) -> onAnimationEnd
vn.techplus.fulliptv.SplashActivity$1$1 -> vn.techplus.fulliptv.t:
    void onAnimationStart(android.view.animation.Animation) -> onAnimationStart
    void onAnimationRepeat(android.view.animation.Animation) -> onAnimationRepeat
    void onAnimationEnd(android.view.animation.Animation) -> onAnimationEnd