FilmOn/proguard/usage.txt
com.google.tagmanager.protobuf.BoundedByteString$1
com.google.tagmanager.protobuf.BoundedByteString$BoundedByteIterator
com.google.tagmanager.protobuf.ByteString
com.google.tagmanager.protobuf.ByteString$1
com.google.tagmanager.protobuf.ByteString$ByteIterator
com.google.tagmanager.protobuf.ByteString$CodedBuilder
com.google.tagmanager.protobuf.ByteString$Output
com.google.tagmanager.protobuf.CodedInputStream
com.google.tagmanager.protobuf.CodedInputStream$1
com.google.tagmanager.protobuf.CodedInputStream$RefillCallback
com.google.tagmanager.protobuf.CodedInputStream$SkippedDataSink
com.google.tagmanager.protobuf.CodedOutputStream
com.google.tagmanager.protobuf.CodedOutputStream$ByteBufferOutputStream
com.google.tagmanager.protobuf.CodedOutputStream$OutOfSpaceException
com.google.tagmanager.protobuf.ExtensionRegistryLite
com.google.tagmanager.protobuf.ExtensionRegistryLite$ObjectIntPair
com.google.tagmanager.protobuf.FieldSet
com.google.tagmanager.protobuf.FieldSet$1
com.google.tagmanager.protobuf.FieldSet$FieldDescriptorLite
com.google.tagmanager.protobuf.GeneratedMessageLite
com.google.tagmanager.protobuf.GeneratedMessageLite$1
com.google.tagmanager.protobuf.GeneratedMessageLite$Builder
com.google.tagmanager.protobuf.GeneratedMessageLite$ExtendableBuilder
com.google.tagmanager.protobuf.GeneratedMessageLite$ExtendableMessage
com.google.tagmanager.protobuf.GeneratedMessageLite$ExtendableMessage$ExtensionWriter
com.google.tagmanager.protobuf.GeneratedMessageLite$ExtendableMessageOrBuilder
com.google.tagmanager.protobuf.GeneratedMessageLite$ExtensionDescriptor
com.google.tagmanager.protobuf.GeneratedMessageLite$GeneratedExtension
com.google.tagmanager.protobuf.GeneratedMessageLite$SerializedForm
com.google.tagmanager.protobuf.GeneratedMutableMessageLite
com.google.tagmanager.protobuf.GeneratedMutableMessageLite$1
com.google.tagmanager.protobuf.GeneratedMutableMessageLite$ExtendableMutableMessage
com.google.tagmanager.protobuf.GeneratedMutableMessageLite$ExtendableMutableMessage$ExtensionWriter
com.google.tagmanager.protobuf.GeneratedMutableMessageLite$SerializedForm
com.google.tagmanager.protobuf.Internal
com.google.tagmanager.protobuf.Internal$EnumLite
com.google.tagmanager.protobuf.Internal$EnumLiteMap
com.google.tagmanager.protobuf.InvalidProtocolBufferException
com.google.tagmanager.protobuf.LazyField
com.google.tagmanager.protobuf.LazyField$1
com.google.tagmanager.protobuf.LazyField$LazyEntry
com.google.tagmanager.protobuf.LazyField$LazyIterator
com.google.tagmanager.protobuf.LazyStringArrayList
com.google.tagmanager.protobuf.LazyStringArrayList$ByteArrayListView
com.google.tagmanager.protobuf.LazyStringList
com.google.tagmanager.protobuf.LiteralByteString
com.google.tagmanager.protobuf.LiteralByteString$1
com.google.tagmanager.protobuf.LiteralByteString$LiteralByteIterator
com.google.tagmanager.protobuf.MessageLite
com.google.tagmanager.protobuf.MessageLite$Builder
com.google.tagmanager.protobuf.MessageLiteOrBuilder
com.google.tagmanager.protobuf.MutableMessageLite
com.google.tagmanager.protobuf.Parser
com.google.tagmanager.protobuf.RopeByteString
com.google.tagmanager.protobuf.RopeByteString$1
com.google.tagmanager.protobuf.RopeByteString$Balancer
com.google.tagmanager.protobuf.RopeByteString$PieceIterator
com.google.tagmanager.protobuf.RopeByteString$RopeByteIterator
com.google.tagmanager.protobuf.RopeByteString$RopeInputStream
com.google.tagmanager.protobuf.SmallSortedMap
com.google.tagmanager.protobuf.SmallSortedMap$1
com.google.tagmanager.protobuf.SmallSortedMap$EmptySet
com.google.tagmanager.protobuf.SmallSortedMap$EmptySet$1
com.google.tagmanager.protobuf.SmallSortedMap$EmptySet$2
com.google.tagmanager.protobuf.SmallSortedMap$Entry
com.google.tagmanager.protobuf.SmallSortedMap$EntryIterator
com.google.tagmanager.protobuf.SmallSortedMap$EntrySet
com.google.tagmanager.protobuf.UninitializedMessageException
com.google.tagmanager.protobuf.UnmodifiableLazyStringList